<?xml version="1.0" encoding="UTF-8"?>
<!-- Generated by org.testng.reporters.JUnitXMLReporter -->
<testsuite hostname="DESKTOP-OSQ54A4" ignored="0" name="Extent Report testing" tests="2" failures="2" timestamp="22 Mar 2020 11:19:32 GMT" time="43.862" errors="0">
  <testcase name="runScenario" time="0.596" classname="cucumber.api.testng.AbstractTestNGCucumberTests">
    <failure type="java.lang.IllegalArgumentException" message="Cannot find elements when the selector is null.">
      <![CDATA[java.lang.IllegalArgumentException: Cannot find elements when the selector is null.
at org.openqa.selenium.remote.RemoteWebDriver.findElement(RemoteWebDriver.java:320)
at org.openqa.selenium.remote.RemoteWebDriver.findElementById(RemoteWebDriver.java:372)
at com.testleaf.automation.baseClass.BaseClass.locateElement(BaseClass.java:67)
at stepDefinitions.stepErailHomePage.enter_the_to_station(stepErailHomePage.java:28)
at ✽.Enter the Chennai station(.\src\test\java\features\TestLeafHomePage.feature:5)
]]>
    </failure>
  </testcase> <!-- runScenario -->
  <testcase name="runScenario" time="0.004" classname="cucumber.api.testng.AbstractTestNGCucumberTests">
    <failure type="java.lang.IllegalArgumentException" message="Cannot find elements when the selector is null.">
      <![CDATA[java.lang.IllegalArgumentException: Cannot find elements when the selector is null.
at org.openqa.selenium.remote.RemoteWebDriver.findElement(RemoteWebDriver.java:320)
at org.openqa.selenium.remote.RemoteWebDriver.findElementById(RemoteWebDriver.java:372)
at com.testleaf.automation.baseClass.BaseClass.locateElement(BaseClass.java:67)
at stepDefinitions.stepErailHomePage.enter_the_to_station(stepErailHomePage.java:28)
at ✽.Enter the Chennai station(.\src\test\java\features\TestLeafHomePage.feature:17)
]]>
    </failure>
  </testcase> <!-- runScenario -->
</testsuite> <!-- Extent Report testing -->
