<html>
<head>
<title>TestNG:  Extent Report testing</title>
<link href="../testng.css" rel="stylesheet" type="text/css" />
<link href="../my-testng.css" rel="stylesheet" type="text/css" />

<style type="text/css">
.log { display: none;} 
.stack-trace { display: none;} 
</style>
<script type="text/javascript">
<!--
function flip(e) {
  current = e.style.display;
  if (current == 'block') {
    e.style.display = 'none';
    return 0;
  }
  else {
    e.style.display = 'block';
    return 1;
  }
}

function toggleBox(szDivId, elem, msg1, msg2)
{
  var res = -1;  if (document.getElementById) {
    res = flip(document.getElementById(szDivId));
  }
  else if (document.all) {
    // this is the way old msie versions work
    res = flip(document.all[szDivId]);
  }
  if(elem) {
    if(res == 0) elem.innerHTML = msg1; else elem.innerHTML = msg2;
  }

}

function toggleAllBoxes() {
  if (document.getElementsByTagName) {
    d = document.getElementsByTagName('div');
    for (i = 0; i < d.length; i++) {
      if (d[i].className == 'log') {
        flip(d[i]);
      }
    }
  }
}

// -->
</script>

</head>
<body>
<h2 align='center'>Extent Report testing</h2><table border='1' align="center">
<tr>
<td>Tests passed/Failed/Skipped:</td><td>0/2/0</td>
</tr><tr>
<td>Started on:</td><td>Sun Mar 22 16:48:49 IST 2020</td>
</tr>
<tr><td>Total time:</td><td>43 seconds (43862 ms)</td>
</tr><tr>
<td>Included groups:</td><td></td>
</tr><tr>
<td>Excluded groups:</td><td></td>
</tr>
</table><p/>
<small><i>(Hover the method name to see the test class name)</i></small><p/>
<table width='100%' border='1' class='invocation-failed'>
<tr><td colspan='4' align='center'><b>FAILED TESTS</b></td></tr>
<tr><td><b>Test method</b></td>
<td width="30%"><b>Exception</b></td>
<td width="10%"><b>Time (seconds)</b></td>
<td><b>Instance</b></td>
</tr>
<tr>
<td title='com.testleaf.automation.ProjectSpecificMethods.ProjectSpecificMethods.runScenario()'><b>runScenario</b><br>Test class: com.testleaf.automation.ProjectSpecificMethods.ProjectSpecificMethods<br>Test method: Runs Cucumber Scenarios<br>Parameters: ": TC-001_Getting the trains availability between stations", "Testing the erail webpage"</td>
<td><div><pre>java.lang.IllegalArgumentException: Cannot find elements when the selector is null.
	at org.openqa.selenium.remote.RemoteWebDriver.findElement(RemoteWebDriver.java:320)
	at org.openqa.selenium.remote.RemoteWebDriver.findElementById(RemoteWebDriver.java:372)
	at com.testleaf.automation.baseClass.BaseClass.locateElement(BaseClass.java:67)
	at stepDefinitions.stepErailHomePage.enter_the_to_station(stepErailHomePage.java:28)
	at ?.Enter the Chennai station(.\src\test\java\features\TestLeafHomePage.feature:5)
</pre></div><a href='#' onClick='toggleBox("stack-trace28106542", this, "Click to show all stack frames", "Click to hide stack frames")'>Click to show all stack frames</a>
<div class='stack-trace' id='stack-trace28106542'><pre>java.lang.IllegalArgumentException: Cannot find elements when the selector is null.
	at org.openqa.selenium.remote.RemoteWebDriver.findElement(RemoteWebDriver.java:320)
	at org.openqa.selenium.remote.RemoteWebDriver.findElementById(RemoteWebDriver.java:372)
	at com.testleaf.automation.baseClass.BaseClass.locateElement(BaseClass.java:67)
	at stepDefinitions.stepErailHomePage.enter_the_to_station(stepErailHomePage.java:28)
	at ?.Enter the Chennai station(.\src\test\java\features\TestLeafHomePage.feature:5)
</pre></div></td>
<td>0</td>
<td>com.testleaf.automation.ProjectSpecificMethods.ProjectSpecificMethods@ef9176</td></tr>
<tr>
<td title='com.testleaf.automation.ProjectSpecificMethods.ProjectSpecificMethods.runScenario()'><b>runScenario</b><br>Test class: com.testleaf.automation.ProjectSpecificMethods.ProjectSpecificMethods<br>Test method: Runs Cucumber Scenarios<br>Parameters: "TC-002_Finding the number of Trains", "Testing the erail webpage"</td>
<td><div><pre>java.lang.IllegalArgumentException: Cannot find elements when the selector is null.
	at org.openqa.selenium.remote.RemoteWebDriver.findElement(RemoteWebDriver.java:320)
	at org.openqa.selenium.remote.RemoteWebDriver.findElementById(RemoteWebDriver.java:372)
	at com.testleaf.automation.baseClass.BaseClass.locateElement(BaseClass.java:67)
	at stepDefinitions.stepErailHomePage.enter_the_to_station(stepErailHomePage.java:28)
	at ?.Enter the Chennai station(.\src\test\java\features\TestLeafHomePage.feature:17)
</pre></div><a href='#' onClick='toggleBox("stack-trace28427717", this, "Click to show all stack frames", "Click to hide stack frames")'>Click to show all stack frames</a>
<div class='stack-trace' id='stack-trace28427717'><pre>java.lang.IllegalArgumentException: Cannot find elements when the selector is null.
	at org.openqa.selenium.remote.RemoteWebDriver.findElement(RemoteWebDriver.java:320)
	at org.openqa.selenium.remote.RemoteWebDriver.findElementById(RemoteWebDriver.java:372)
	at com.testleaf.automation.baseClass.BaseClass.locateElement(BaseClass.java:67)
	at stepDefinitions.stepErailHomePage.enter_the_to_station(stepErailHomePage.java:28)
	at ?.Enter the Chennai station(.\src\test\java\features\TestLeafHomePage.feature:17)
</pre></div></td>
<td>0</td>
<td>com.testleaf.automation.ProjectSpecificMethods.ProjectSpecificMethods@ef9176</td></tr>
</table><p>
</body>
</html>