<?xml version="1.0" encoding="UTF-8"?>
<testng-results skipped="0" failed="2" ignored="0" total="2" passed="0">
  <reporter-output>
  </reporter-output>
  <suite name="Suite" duration-ms="43862" started-at="2020-03-22T11:18:49Z" finished-at="2020-03-22T11:19:32Z">
    <groups>
      <group name="cucumber">
        <method signature="AbstractTestNGCucumberTests.runScenario(cucumber.api.testng.PickleEventWrapper, cucumber.api.testng.CucumberFeatureWrapper)[pri:0, instance:com.testleaf.automation.ProjectSpecificMethods.ProjectSpecificMethods@ef9176]" name="runScenario" class="cucumber.api.testng.AbstractTestNGCucumberTests"/>
      </group> <!-- cucumber -->
    </groups>
    <test name="Extent Report testing" duration-ms="43862" started-at="2020-03-22T11:18:49Z" finished-at="2020-03-22T11:19:32Z">
      <class name="com.testleaf.automation.ProjectSpecificMethods.ProjectSpecificMethods">
        <test-method status="PASS" signature="loadPropertiesFiles()[pri:0, instance:com.testleaf.automation.ProjectSpecificMethods.ProjectSpecificMethods@ef9176]" name="loadPropertiesFiles" is-config="true" duration-ms="69" started-at="2020-03-22T11:18:49Z" finished-at="2020-03-22T11:18:49Z">
          <reporter-output>
          </reporter-output>
        </test-method> <!-- loadPropertiesFiles -->
        <test-method status="PASS" signature="setUpClass()[pri:0, instance:com.testleaf.automation.ProjectSpecificMethods.ProjectSpecificMethods@ef9176]" name="setUpClass" is-config="true" duration-ms="201" started-at="2020-03-22T11:18:49Z" finished-at="2020-03-22T11:18:49Z">
          <reporter-output>
          </reporter-output>
        </test-method> <!-- setUpClass -->
        <test-method status="PASS" signature="openApplication()[pri:0, instance:com.testleaf.automation.ProjectSpecificMethods.ProjectSpecificMethods@ef9176]" name="openApplication" is-config="true" duration-ms="16116" started-at="2020-03-22T11:18:49Z" finished-at="2020-03-22T11:19:05Z">
          <reporter-output>
          </reporter-output>
        </test-method> <!-- openApplication -->
        <test-method status="FAIL" signature="runScenario(cucumber.api.testng.PickleEventWrapper, cucumber.api.testng.CucumberFeatureWrapper)[pri:0, instance:com.testleaf.automation.ProjectSpecificMethods.ProjectSpecificMethods@ef9176]" name="runScenario" duration-ms="596" started-at="2020-03-22T11:19:05Z" description="Runs Cucumber Scenarios" data-provider="scenarios" finished-at="2020-03-22T11:19:06Z">
          <params>
            <param index="0">
              <value>
                <![CDATA[": TC-001_Getting the trains availability between stations"]]>
              </value>
            </param>
            <param index="1">
              <value>
                <![CDATA["Testing the erail webpage"]]>
              </value>
            </param>
          </params>
          <exception class="java.lang.IllegalArgumentException">
            <message>
              <![CDATA[Cannot find elements when the selector is null.]]>
            </message>
            <full-stacktrace>
              <![CDATA[java.lang.IllegalArgumentException: Cannot find elements when the selector is null.
at org.openqa.selenium.remote.RemoteWebDriver.findElement(RemoteWebDriver.java:320)
at org.openqa.selenium.remote.RemoteWebDriver.findElementById(RemoteWebDriver.java:372)
at com.testleaf.automation.baseClass.BaseClass.locateElement(BaseClass.java:67)
at stepDefinitions.stepErailHomePage.enter_the_to_station(stepErailHomePage.java:28)
at ✽.Enter the Chennai station(.\src\test\java\features\TestLeafHomePage.feature:5)
]]>
            </full-stacktrace>
          </exception> <!-- java.lang.IllegalArgumentException -->
          <reporter-output>
          </reporter-output>
        </test-method> <!-- runScenario -->
        <test-method status="PASS" signature="closeApp()[pri:0, instance:com.testleaf.automation.ProjectSpecificMethods.ProjectSpecificMethods@ef9176]" name="closeApp" is-config="true" duration-ms="6169" started-at="2020-03-22T11:19:06Z" finished-at="2020-03-22T11:19:12Z">
          <reporter-output>
          </reporter-output>
        </test-method> <!-- closeApp -->
        <test-method status="PASS" signature="openApplication()[pri:0, instance:com.testleaf.automation.ProjectSpecificMethods.ProjectSpecificMethods@ef9176]" name="openApplication" is-config="true" duration-ms="14494" started-at="2020-03-22T11:19:12Z" finished-at="2020-03-22T11:19:26Z">
          <reporter-output>
          </reporter-output>
        </test-method> <!-- openApplication -->
        <test-method status="FAIL" signature="runScenario(cucumber.api.testng.PickleEventWrapper, cucumber.api.testng.CucumberFeatureWrapper)[pri:0, instance:com.testleaf.automation.ProjectSpecificMethods.ProjectSpecificMethods@ef9176]" name="runScenario" duration-ms="4" started-at="2020-03-22T11:19:26Z" description="Runs Cucumber Scenarios" data-provider="scenarios" finished-at="2020-03-22T11:19:26Z">
          <params>
            <param index="0">
              <value>
                <![CDATA["TC-002_Finding the number of Trains"]]>
              </value>
            </param>
            <param index="1">
              <value>
                <![CDATA["Testing the erail webpage"]]>
              </value>
            </param>
          </params>
          <exception class="java.lang.IllegalArgumentException">
            <message>
              <![CDATA[Cannot find elements when the selector is null.]]>
            </message>
            <full-stacktrace>
              <![CDATA[java.lang.IllegalArgumentException: Cannot find elements when the selector is null.
at org.openqa.selenium.remote.RemoteWebDriver.findElement(RemoteWebDriver.java:320)
at org.openqa.selenium.remote.RemoteWebDriver.findElementById(RemoteWebDriver.java:372)
at com.testleaf.automation.baseClass.BaseClass.locateElement(BaseClass.java:67)
at stepDefinitions.stepErailHomePage.enter_the_to_station(stepErailHomePage.java:28)
at ✽.Enter the Chennai station(.\src\test\java\features\TestLeafHomePage.feature:17)
]]>
            </full-stacktrace>
          </exception> <!-- java.lang.IllegalArgumentException -->
          <reporter-output>
          </reporter-output>
        </test-method> <!-- runScenario -->
        <test-method status="PASS" signature="closeApp()[pri:0, instance:com.testleaf.automation.ProjectSpecificMethods.ProjectSpecificMethods@ef9176]" name="closeApp" is-config="true" duration-ms="6140" started-at="2020-03-22T11:19:26Z" finished-at="2020-03-22T11:19:32Z">
          <reporter-output>
          </reporter-output>
        </test-method> <!-- closeApp -->
        <test-method status="PASS" signature="tearDownClass()[pri:0, instance:com.testleaf.automation.ProjectSpecificMethods.ProjectSpecificMethods@ef9176]" name="tearDownClass" is-config="true" duration-ms="19" started-at="2020-03-22T11:19:32Z" finished-at="2020-03-22T11:19:32Z">
          <reporter-output>
          </reporter-output>
        </test-method> <!-- tearDownClass -->
      </class> <!-- com.testleaf.automation.ProjectSpecificMethods.ProjectSpecificMethods -->
    </test> <!-- Extent Report testing -->
  </suite> <!-- Suite -->
</testng-results>
